latexml (LaTeXML version 0.8.7) processing main.tex
(Digesting TeX main...
(Loading /usr/local/Cellar/latexml/0.8.7/libexec/lib/perl5/LaTeXML/Package/TeX.pool.ltxml...
(Loading /usr/local/Cellar/latexml/0.8.7/libexec/lib/perl5/LaTeXML/Package/eTeX.pool.ltxml... 0.00 sec)
(Loading /usr/local/Cellar/latexml/0.8.7/libexec/lib/perl5/LaTeXML/Package/pdfTeX.pool.ltxml... 0.01 sec) 0.15 sec)
(Processing content /Users/jessemurray/Desktop/Admin-Life/Career/Website/website-gr/surprise/main.tex...
(Loading /usr/local/Cellar/latexml/0.8.7/libexec/lib/perl5/LaTeXML/Package/LaTeX.pool.ltxml...
(Loading /usr/local/Cellar/latexml/0.8.7/libexec/lib/perl5/LaTeXML/Package/textcomp.sty.ltxml...
(Processing definitions /usr/local/texlive/2021/texmf-dist/tex/latex-dev/base/ts1enc.dfu... 0.02 sec) 1.31 sec) 1.51 sec)
(Loading /usr/local/Cellar/latexml/0.8.7/libexec/lib/perl5/LaTeXML/Package/article.cls.ltxml... 0.01 sec)
(Loading /usr/local/Cellar/latexml/0.8.7/libexec/lib/perl5/LaTeXML/Package/inputenc.sty.ltxml...
(Loading /usr/local/Cellar/latexml/0.8.7/libexec/lib/perl5/LaTeXML/Package/utf8.def.ltxml... 0.01 sec) 0.01 sec)
(Loading /usr/local/Cellar/latexml/0.8.7/libexec/lib/perl5/LaTeXML/Package/amsmath.sty.ltxml...
(Loading /usr/local/Cellar/latexml/0.8.7/libexec/lib/perl5/LaTeXML/Package/amsbsy.sty.ltxml...
(Loading /usr/local/Cellar/latexml/0.8.7/libexec/lib/perl5/LaTeXML/Package/amsgen.sty.ltxml... 0.00 sec) 0.01 sec)
(Loading /usr/local/Cellar/latexml/0.8.7/libexec/lib/perl5/LaTeXML/Package/amstext.sty.ltxml... 0.00 sec)
(Loading /usr/local/Cellar/latexml/0.8.7/libexec/lib/perl5/LaTeXML/Package/amsopn.sty.ltxml... 0.01 sec) 0.05 sec)
(Loading /usr/local/Cellar/latexml/0.8.7/libexec/lib/perl5/LaTeXML/Package/amssymb.sty.ltxml...
(Loading /usr/local/Cellar/latexml/0.8.7/libexec/lib/perl5/LaTeXML/Package/amsfonts.sty.ltxml... 0.00 sec) 0.02 sec)
(Loading /usr/local/Cellar/latexml/0.8.7/libexec/lib/perl5/LaTeXML/Package/graphicx.sty.ltxml...
(Loading /usr/local/Cellar/latexml/0.8.7/libexec/lib/perl5/LaTeXML/Package/graphics.sty.ltxml... 0.01 sec) 0.03 sec)
(Loading /usr/local/Cellar/latexml/0.8.7/libexec/lib/perl5/LaTeXML/Package/hyperref.sty.ltxml...
(Loading /usr/local/Cellar/latexml/0.8.7/libexec/lib/perl5/LaTeXML/Package/ltxcmds.sty.ltxml...
(Processing definitions /usr/local/texlive/2021/texmf-dist/tex/generic/ltxcmds/ltxcmds.sty... 0.11 sec) 0.12 sec)
(Loading /usr/local/Cellar/latexml/0.8.7/libexec/lib/perl5/LaTeXML/Package/keyval.sty.ltxml...
(Processing definitions /usr/local/texlive/2021/texmf-dist/tex/latex-dev/graphics/keyval.sty... 0.01 sec) 0.02 sec)
(Loading /usr/local/Cellar/latexml/0.8.7/libexec/lib/perl5/LaTeXML/Package/kvsetkeys.sty.ltxml...
(Processing definitions /usr/local/texlive/2021/texmf-dist/tex/generic/kvsetkeys/kvsetkeys.sty... 0.08 sec) 0.08 sec)
(Loading /usr/local/Cellar/latexml/0.8.7/libexec/lib/perl5/LaTeXML/Package/kvdefinekeys.sty.ltxml...
(Processing definitions /usr/local/texlive/2021/texmf-dist/tex/generic/kvdefinekeys/kvdefinekeys.sty... 0.03 sec) 0.04 sec)
(Loading /usr/local/Cellar/latexml/0.8.7/libexec/lib/perl5/LaTeXML/Package/kvoptions.sty.ltxml...
(Processing definitions /usr/local/texlive/2021/texmf-dist/tex/latex/kvoptions/kvoptions.sty... 0.18 sec) 0.18 sec)
(Loading /usr/local/Cellar/latexml/0.8.7/libexec/lib/perl5/LaTeXML/Package/nameref.sty.ltxml...
(Loading /usr/local/Cellar/latexml/0.8.7/libexec/lib/perl5/LaTeXML/Package/refcount.sty.ltxml...
(Processing definitions /usr/local/texlive/2021/texmf-dist/tex/latex/refcount/refcount.sty...
(Loading /usr/local/Cellar/latexml/0.8.7/libexec/lib/perl5/LaTeXML/Package/infwarerr.sty.ltxml...
(Processing definitions /usr/local/texlive/2021/texmf-dist/tex/generic/infwarerr/infwarerr.sty... 0.06 sec) 0.06 sec) 0.14 sec) 0.14 sec)
(Loading /usr/local/Cellar/latexml/0.8.7/libexec/lib/perl5/LaTeXML/Package/gettitlestring.sty.ltxml...
(Processing definitions /usr/local/texlive/2021/texmf-dist/tex/generic/gettitlestring/gettitlestring.sty... 0.46 sec) 0.46 sec) 0.62 sec)
(Loading /usr/local/Cellar/latexml/0.8.7/libexec/lib/perl5/LaTeXML/Package/url.sty.ltxml... 0.00 sec)
(Loading /usr/local/Cellar/latexml/0.8.7/libexec/lib/perl5/LaTeXML/Package/bitset.sty.ltxml...
(Processing definitions /usr/local/texlive/2021/texmf-dist/tex/generic/bitset/bitset.sty...
(Loading /usr/local/Cellar/latexml/0.8.7/libexec/lib/perl5/LaTeXML/Package/intcalc.sty.ltxml...
(Processing definitions /usr/local/texlive/2021/texmf-dist/tex/generic/intcalc/intcalc.sty... 0.07 sec) 0.07 sec)
(Loading /usr/local/Cellar/latexml/0.8.7/libexec/lib/perl5/LaTeXML/Package/bigintcalc.sty.ltxml...
(Processing definitions /usr/local/texlive/2021/texmf-dist/tex/generic/bigintcalc/bigintcalc.sty...
(Loading /usr/local/Cellar/latexml/0.8.7/libexec/lib/perl5/LaTeXML/Package/pdftexcmds.sty.ltxml...
(Loading /usr/local/Cellar/latexml/0.8.7/libexec/lib/perl5/LaTeXML/Package/iftex.sty.ltxml... 0.00 sec) 0.01 sec) 0.21 sec) 0.22 sec) 0.51 sec) 0.51 sec) 1.65 sec) 4.53 sec) 4.71 sec)
(Building...
(Loading compiled schema /usr/local/Cellar/latexml/0.8.7/libexec/lib/perl5/LaTeXML/resources/RelaxNG/LaTeXML.model... 0.01 sec) 2.10 sec)
(Rewriting... 0.04 sec)
(Math Parsing 113 formulae ......
Warning:not_parsed:UNKNOWN.POSTSUBSCRIPT>CLOSE MathParser failed to match rule 'Anything'
	at main.tex; line 50 col 29 - line 50 col 98
	In "$\mathbb{E}_{\textbf{x}\sim p_{\mathrm{distr}}}\bigr{[}f(\textbf{x})\bigr{]}$"
	E[[UNKNOWN]] _{\textbf{x}\simp_{\mathrm{distr}}}[[POSTSUBSCRIPT]]
	        > [[[CLOSE]] f[[UNKNOWN]] ([[OPEN]] \textbf{x}[[UNKNOWN]] )[[CLOSE]] ][[CLOSE]]
Warning:not_parsed:UNKNOWN.POSTSUBSCRIPT>CLOSE MathParser failed to match rule 'Anything'
	at main.tex; line 50 col 545 - line 50 col 639
	In "$\mathbb{E}_{\textbf{x}\sim p_{\mathrm{true}}}\bigr{[}\log(1/p_{\mathrm{model}%
	}(\textbf{x}))\bigr{]}$"
	E[[UNKNOWN]] _{\textbf{x}\simp_{\mathrm{true}}}[[POSTSUBSCRIPT]]
	        > [[[CLOSE]] log[[OPFUNCTION]] ([[OPEN]] 1[[NUMBER]] /[[MULOP]] p[[UNKNOWN]] _{\mathrm{model}}[[POSTSUBSCRIPT]] ([[OPEN]] \textbf{x}[[UNKNOWN]] )[[CLOSE]] )[[CLOSE]] ][[CLOSE]]
Warning:not_parsed:UNKNOWN.POSTSUBSCRIPT>CLOSE MathParser failed to match rule 'Anything'
	at main.tex; line 50 col 898 - line 50 col 991
	In "$\mathbb{E}_{\textbf{x}\sim p_{\mathrm{true}}}\bigr{[}\log(1/p_{\mathrm{true}}%
	(\textbf{x}))\bigr{]}$"
	E[[UNKNOWN]] _{\textbf{x}\simp_{\mathrm{true}}}[[POSTSUBSCRIPT]]
	        > [[[CLOSE]] log[[OPFUNCTION]] ([[OPEN]] 1[[NUMBER]] /[[MULOP]] p[[UNKNOWN]] _{\mathrm{true}}[[POSTSUBSCRIPT]] ([[OPEN]] \textbf{x}[[UNKNOWN]] )[[CLOSE]] )[[CLOSE]] ][[CLOSE]]
Warning:not_parsed:UNKNOWN.POSTSUBSCRIPT>OPEN MathParser failed to match rule 'Anything'
	at main.tex; line 53 col 0 - line 55 col 15
	In "\begin{equation*}D_{KL}(p_{\mathrm{true}}||p_{\mathrm{model}})=\mathbb{E}_{%
	\textbf{x}\sim p_{\mathrm{true}}}\bigr{[}\log(1/p_{\mathrm{model}}(\textbf{x})%
	)\bigr{]}\,-\,\mathbb{E}_{\textbf{x}\sim p_{\mathrm{true}}}\bigr{[}\log(1/p_{%
	\mathrm{true}}(\textbf{x}))\bigr{]}\ .\end{equation*}"
	D[[UNKNOWN]] _{KL}[[POSTSUBSCRIPT]]
	        > ([[OPEN]] p[[UNKNOWN]] _{\mathrm{true}}[[POSTSUBSCRIPT]] |[[VERTBAR]] |[[VERTBAR]] p[[UNKNOWN]] _{\mathrm{model}}[[POSTSUBSCRIPT]] )[[CLOSE]] =[[RELOP]] E[[UNKNOWN]] _{\textbf{x}\simp_{\mathrm{true}}}[[POSTSUBSCRIPT]] [[[CLOSE]] log[[OPFUNCTION]] ([[OPEN]] 1[[NUMBER]] /[[MULOP]] p[[UNKNOWN]] _{\mathrm{model}}[[POSTSUBSCRIPT]] ([[OPEN]] \textbf{x}[[UNKNOWN]] )[[CLOSE]] )[[CLOSE]] ][[CLOSE]] -[[ADDOP]] E[[UNKNOWN]] _{\textbf{x}\simp_{\mathrm{true}}}[[POSTSUBSCRIPT]] [[[CLOSE]] log[[OPFUNCTION]] ([[OPEN]] 1[[NUMBER]] /[[MULOP]] p[[UNKNOWN]] _{\mathrm{true}}[[POSTSUBSCRIPT]] ([[OPEN]] \textbf{x}[[UNKNOWN]] )[[CLOSE]] )[[CLOSE]] ][[CLOSE]]
Warning:not_parsed:UNKNOWN.POSTSUBSCRIPT>CLOSE MathParser failed to match rule 'Anything'
	at main.tex; line 59 col 535 - line 59 col 629
	In "$\mathbb{E}_{\textbf{x}\sim p_{\mathrm{true}}}\bigr{[}\log(1/p_{\mathrm{model}%
	}(\textbf{x}))\bigr{]}$"
	E[[UNKNOWN]] _{\textbf{x}\simp_{\mathrm{true}}}[[POSTSUBSCRIPT]]
	        > [[[CLOSE]] log[[OPFUNCTION]] ([[OPEN]] 1[[NUMBER]] /[[MULOP]] p[[UNKNOWN]] _{\mathrm{model}}[[POSTSUBSCRIPT]] ([[OPEN]] \textbf{x}[[UNKNOWN]] )[[CLOSE]] )[[CLOSE]] ][[CLOSE]]
Warning:not_parsed:UNKNOWN.POSTSUBSCRIPT>CLOSE MathParser failed to match rule 'Anything'
	at main.tex; line 59 col 679 - line 59 col 772
	In "$\mathbb{E}_{\textbf{x}\sim p_{\mathrm{true}}}\bigr{[}\log(1/p_{\mathrm{true}}%
	(\textbf{x}))\bigr{]}$"
	E[[UNKNOWN]] _{\textbf{x}\simp_{\mathrm{true}}}[[POSTSUBSCRIPT]]
	        > [[[CLOSE]] log[[OPFUNCTION]] ([[OPEN]] 1[[NUMBER]] /[[MULOP]] p[[UNKNOWN]] _{\mathrm{true}}[[POSTSUBSCRIPT]] ([[OPEN]] \textbf{x}[[UNKNOWN]] )[[CLOSE]] )[[CLOSE]] ][[CLOSE]]
Warning:not_parsed:UNKNOWN.POSTSUBSCRIPT>CLOSE MathParser failed to match rule 'Anything'
	at main.tex; line 62 col 412 - line 62 col 505
	In "$\mathbb{E}_{\textbf{x}\sim p_{\mathrm{true}}}\bigr{[}\log(1/p_{\mathrm{true}}%
	(\textbf{x}))\bigr{]}$"
	E[[UNKNOWN]] _{\textbf{x}\simp_{\mathrm{true}}}[[POSTSUBSCRIPT]]
	        > [[[CLOSE]] log[[OPFUNCTION]] ([[OPEN]] 1[[NUMBER]] /[[MULOP]] p[[UNKNOWN]] _{\mathrm{true}}[[POSTSUBSCRIPT]] ([[OPEN]] \textbf{x}[[UNKNOWN]] )[[CLOSE]] )[[CLOSE]] ][[CLOSE]]
Warning:not_parsed:UNKNOWN.POSTSUBSCRIPT>CLOSE MathParser failed to match rule 'Anything'
	at main.tex; line 65 col 1319 - line 65 col 1412
	In "$\mathbb{E}_{\textbf{x}\sim p_{\mathrm{true}}}\bigr{[}\log(1/p_{\mathrm{true}}%
	(\textbf{x}))\bigr{]}$"
	E[[UNKNOWN]] _{\textbf{x}\simp_{\mathrm{true}}}[[POSTSUBSCRIPT]]
	        > [[[CLOSE]] log[[OPFUNCTION]] ([[OPEN]] 1[[NUMBER]] /[[MULOP]] p[[UNKNOWN]] _{\mathrm{true}}[[POSTSUBSCRIPT]] ([[OPEN]] \textbf{x}[[UNKNOWN]] )[[CLOSE]] )[[CLOSE]] ][[CLOSE]]
Warning:not_parsed:UNKNOWN.POSTSUBSCRIPT>OPEN MathParser failed to match rule 'Anything'
	at main.tex; line 71 col 0 - line 73 col 15
	In "\begin{equation*}D_{KL}(p_{\mathrm{true}}||p_{\mathrm{model}})=\mathbb{E}_{%
	\textbf{x}\sim\hat{p}_{\mathrm{data}}}\bigr{[}\log(1/p_{\mathrm{model}}(%
	\textbf{x};\boldsymbol{\theta}))\bigr{]}\,-\,\mathbb{E}_{\textbf{x}\sim\hat{p}%
	_{\mathrm{data}}}\bigr{[}\log(1/\hat{p}_{\mathrm{data}}(\textbf{x}))\bigr{]}\end{equation*}"
	D[[UNKNOWN]] _{KL}[[POSTSUBSCRIPT]]
	        > ([[OPEN]] p[[UNKNOWN]] _{\mathrm{true}}[[POSTSUBSCRIPT]] |[[VERTBAR]] |[[VERTBAR]] p[[UNKNOWN]] _{\mathrm{model}}[[POSTSUBSCRIPT]] )[[CLOSE]] =[[RELOP]] E[[UNKNOWN]] _{\textbf{x}\sim\hat{p}_{\mathrm{data}}}[[POSTSUBSCRIPT]] [[[CLOSE]] log[[OPFUNCTION]] ([[OPEN]] 1[[NUMBER]] /[[MULOP]] p[[UNKNOWN]] _{\mathrm{model}}[[POSTSUBSCRIPT]] ([[OPEN]] \textbf{x}[[UNKNOWN]] ;[[PUNCT]] θ[[UNKNOWN]] )[[CLOSE]] )[[CLOSE]] ][[CLOSE]] -[[ADDOP]] E[[UNKNOWN]] _{\textbf{x}\sim\hat{p}_{\mathrm{data}}}[[POSTSUBSCRIPT]] [[[CLOSE]] log[[OPFUNCTION]] ([[OPEN]] 1[[NUMBER]] /[[MULOP]] \hat{p}[[UNKNOWN]] _{\mathrm{data}}[[POSTSUBSCRIPT]] ([[OPEN]] \textbf{x}[[UNKNOWN]] )[[CLOSE]] )[[CLOSE]] ][[CLOSE]]
Warning:not_parsed:UNKNOWN.POSTSUBSCRIPT>CLOSE MathParser failed to match rule 'Anything'
	at main.tex; line 75 col 0 - line 77 col 15
	In "\begin{equation*}\mathbb{E}_{\textbf{x}\sim\hat{p}_{\mathrm{data}}}\bigr{[}%
	\log(1/p_{\mathrm{model}}(\textbf{x};\boldsymbol{\theta}))\bigr{]}\end{equation*}"
	E[[UNKNOWN]] _{\textbf{x}\sim\hat{p}_{\mathrm{data}}}[[POSTSUBSCRIPT]]
	        > [[[CLOSE]] log[[OPFUNCTION]] ([[OPEN]] 1[[NUMBER]] /[[MULOP]] p[[UNKNOWN]] _{\mathrm{model}}[[POSTSUBSCRIPT]] ([[OPEN]] \textbf{x}[[UNKNOWN]] ;[[PUNCT]] θ[[UNKNOWN]] )[[CLOSE]] )[[CLOSE]] ][[CLOSE]]
Warning:not_parsed:POSTSUBSCRIPT.UNKNOWN.POSTSUBSCRIPT>CLOSE MathParser failed to match rule 'Anything'
	In "$\@@ENDINLINEMATH"
	=[[RELOP]] argmax[[OPERATOR]] _{\boldsymbol{\theta}}[[POSTSUBSCRIPT]] E[[UNKNOWN]] _{\textbf{x}\sim\hat{p}_{\mathrm{data}}}[[POSTSUBSCRIPT]]
	        > [[[CLOSE]] log[[OPFUNCTION]] ([[OPEN]] p[[UNKNOWN]] _{\mathrm{model}}[[POSTSUBSCRIPT]] ([[OPEN]] \textbf{x}[[UNKNOWN]] ;[[PUNCT]] θ[[UNKNOWN]] )[[CLOSE]] )[[CLOSE]] ][[CLOSE]]
Warning:not_parsed:POSTSUBSCRIPT.UNKNOWN.POSTSUBSCRIPT>CLOSE MathParser failed to match rule 'Anything'
	at String; line 0 col 0 - line 0 col 0
	In "$\displaystyle=\operatorname*{argmax}_{\boldsymbol{\theta}}\,\mathbb{E}_{%
	\textbf{x}\sim\hat{p}_{\mathrm{data}}}\bigr{[}\log(p_{\mathrm{model}}(\textbf{%
	x};\boldsymbol{\theta}))\bigr{]}\@@ENDINLINEMATH"
	=[[RELOP]] argmax[[OPERATOR]] _{\boldsymbol{\theta}}[[POSTSUBSCRIPT]] E[[UNKNOWN]] _{\textbf{x}\sim\hat{p}_{\mathrm{data}}}[[POSTSUBSCRIPT]]
	        > [[[CLOSE]] log[[OPFUNCTION]] ([[OPEN]] p[[UNKNOWN]] _{\mathrm{model}}[[POSTSUBSCRIPT]] ([[OPEN]] \textbf{x}[[UNKNOWN]] ;[[PUNCT]] θ[[UNKNOWN]] )[[CLOSE]] )[[CLOSE]] ][[CLOSE]]
Warning:not_parsed:POSTSUBSCRIPT.UNKNOWN.POSTSUBSCRIPT>CLOSE MathParser failed to match rule 'Anything'
	In "$\@@ENDINLINEMATH"
	=[[RELOP]] argmin[[OPERATOR]] _{\boldsymbol{\theta}}[[POSTSUBSCRIPT]] E[[UNKNOWN]] _{\textbf{x}\sim\hat{p}_{\mathrm{data}}}[[POSTSUBSCRIPT]]
	        > [[[CLOSE]] log[[OPFUNCTION]] ([[OPEN]] 1[[NUMBER]] /[[MULOP]] p[[UNKNOWN]] _{\mathrm{model}}[[POSTSUBSCRIPT]] ([[OPEN]] \textbf{x}[[UNKNOWN]] ;[[PUNCT]] θ[[UNKNOWN]] )[[CLOSE]] )[[CLOSE]] ][[CLOSE]]
Warning:not_parsed:POSTSUBSCRIPT.UNKNOWN.POSTSUBSCRIPT>CLOSE MathParser failed to match rule 'Anything'
	at String; line 0 col 0 - line 0 col 0
	In "$\displaystyle=\operatorname*{argmin}_{\boldsymbol{\theta}}\,\mathbb{E}_{%
	\textbf{x}\sim\hat{p}_{\mathrm{data}}}\bigr{[}\log(1/p_{\mathrm{model}}(%
	\textbf{x};\boldsymbol{\theta}))\bigr{]}\ .\@@ENDINLINEMATH"
	=[[RELOP]] argmin[[OPERATOR]] _{\boldsymbol{\theta}}[[POSTSUBSCRIPT]] E[[UNKNOWN]] _{\textbf{x}\sim\hat{p}_{\mathrm{data}}}[[POSTSUBSCRIPT]]
	        > [[[CLOSE]] log[[OPFUNCTION]] ([[OPEN]] 1[[NUMBER]] /[[MULOP]] p[[UNKNOWN]] _{\mathrm{model}}[[POSTSUBSCRIPT]] ([[OPEN]] \textbf{x}[[UNKNOWN]] ;[[PUNCT]] θ[[UNKNOWN]] )[[CLOSE]] )[[CLOSE]] ][[CLOSE]]
 1.60 sec)
Math parsing succeeded:
   ltx:XMArg: 144/144
   ltx:XMath: 99/113
Symbols assumed as simple identifiers (with # of occurences):
   'D{italic}' (6), 'E{blackboard}' (44), 'K{italic}' (2), 'L{italic}' (2), 'N{caligraphic}' (1), 'R{blackboard}' (2), 'X{caligraphic}' (4), 'f{italic}' (3), 'i{italic}' (9), 'p{italic}' (98), 'theta' (28), 'y{italic}' (5)
Set MATHPARSER_SPECULATE to speculate on possible notations.
(Finalizing... 0.15 sec)
Conversion complete 14 warnings (See /Users/jessemurray/Desktop/Admin-Life/Career/Website/website-gr/surprise/main.latexml.log) (reqd. 8.87s)
