latexmlpost (LaTeXML version 0.8.7) paginating /Users/jessemurray/Desktop/Admin-Life/Career/Website/website-gr/surprise/output.xml
(post-processing...
(Scan output.html processing...
Scan: DBStatus: 216/0 objects
 0.05 sec)
(MakeBibliography output.html processing...
(Recursive MakeBibliography /Users/jessemurray/Desktop/Admin-Life/Career/Website/website-gr/surprise/surprise.bib...
(Loading /usr/local/Cellar/latexml/0.8.7/libexec/lib/perl5/LaTeXML/Package/TeX.pool.ltxml...
(Loading /usr/local/Cellar/latexml/0.8.7/libexec/lib/perl5/LaTeXML/Package/eTeX.pool.ltxml... 0.00 sec)
(Loading /usr/local/Cellar/latexml/0.8.7/libexec/lib/perl5/LaTeXML/Package/pdfTeX.pool.ltxml... 0.01 sec) 0.15 sec)
(Loading /usr/local/Cellar/latexml/0.8.7/libexec/lib/perl5/LaTeXML/Package/LaTeX.pool.ltxml...
(Loading /usr/local/Cellar/latexml/0.8.7/libexec/lib/perl5/LaTeXML/Package/textcomp.sty.ltxml...
(Processing definitions /usr/local/texlive/2021/texmf-dist/tex/latex-dev/base/ts1enc.dfu... 0.02 sec) 1.28 sec) 1.48 sec)
(Loading /usr/local/Cellar/latexml/0.8.7/libexec/lib/perl5/LaTeXML/Package/BibTeX.pool.ltxml... 0.01 sec)
(Loading /usr/local/Cellar/latexml/0.8.7/libexec/lib/perl5/LaTeXML/Package/article.cls.ltxml... 0.01 sec)
(Loading /usr/local/Cellar/latexml/0.8.7/libexec/lib/perl5/LaTeXML/Package/inputenc.sty.ltxml...
(Loading /usr/local/Cellar/latexml/0.8.7/libexec/lib/perl5/LaTeXML/Package/utf8.def.ltxml... 0.01 sec) 0.01 sec)
(Loading /usr/local/Cellar/latexml/0.8.7/libexec/lib/perl5/LaTeXML/Package/amsmath.sty.ltxml...
(Loading /usr/local/Cellar/latexml/0.8.7/libexec/lib/perl5/LaTeXML/Package/amsbsy.sty.ltxml...
(Loading /usr/local/Cellar/latexml/0.8.7/libexec/lib/perl5/LaTeXML/Package/amsgen.sty.ltxml... 0.00 sec) 0.01 sec)
(Loading /usr/local/Cellar/latexml/0.8.7/libexec/lib/perl5/LaTeXML/Package/amstext.sty.ltxml... 0.00 sec)
(Loading /usr/local/Cellar/latexml/0.8.7/libexec/lib/perl5/LaTeXML/Package/amsopn.sty.ltxml... 0.01 sec) 0.05 sec)
(Loading /usr/local/Cellar/latexml/0.8.7/libexec/lib/perl5/LaTeXML/Package/amssymb.sty.ltxml...
(Loading /usr/local/Cellar/latexml/0.8.7/libexec/lib/perl5/LaTeXML/Package/amsfonts.sty.ltxml... 0.00 sec) 0.02 sec)
(Loading /usr/local/Cellar/latexml/0.8.7/libexec/lib/perl5/LaTeXML/Package/graphicx.sty.ltxml...
(Loading /usr/local/Cellar/latexml/0.8.7/libexec/lib/perl5/LaTeXML/Package/graphics.sty.ltxml... 0.01 sec) 0.01 sec)
(Loading /usr/local/Cellar/latexml/0.8.7/libexec/lib/perl5/LaTeXML/Package/hyperref.sty.ltxml...
(Loading /usr/local/Cellar/latexml/0.8.7/libexec/lib/perl5/LaTeXML/Package/ltxcmds.sty.ltxml...
(Processing definitions /usr/local/texlive/2021/texmf-dist/tex/generic/ltxcmds/ltxcmds.sty... 0.11 sec) 0.11 sec)
(Loading /usr/local/Cellar/latexml/0.8.7/libexec/lib/perl5/LaTeXML/Package/keyval.sty.ltxml...
(Processing definitions /usr/local/texlive/2021/texmf-dist/tex/latex-dev/graphics/keyval.sty... 0.01 sec) 0.01 sec)
(Loading /usr/local/Cellar/latexml/0.8.7/libexec/lib/perl5/LaTeXML/Package/kvsetkeys.sty.ltxml...
(Processing definitions /usr/local/texlive/2021/texmf-dist/tex/generic/kvsetkeys/kvsetkeys.sty... 0.08 sec) 0.08 sec)
(Loading /usr/local/Cellar/latexml/0.8.7/libexec/lib/perl5/LaTeXML/Package/kvdefinekeys.sty.ltxml...
(Processing definitions /usr/local/texlive/2021/texmf-dist/tex/generic/kvdefinekeys/kvdefinekeys.sty... 0.03 sec) 0.03 sec)
(Loading /usr/local/Cellar/latexml/0.8.7/libexec/lib/perl5/LaTeXML/Package/kvoptions.sty.ltxml...
(Processing definitions /usr/local/texlive/2021/texmf-dist/tex/latex/kvoptions/kvoptions.sty... 0.18 sec) 0.18 sec)
(Loading /usr/local/Cellar/latexml/0.8.7/libexec/lib/perl5/LaTeXML/Package/nameref.sty.ltxml...
(Loading /usr/local/Cellar/latexml/0.8.7/libexec/lib/perl5/LaTeXML/Package/refcount.sty.ltxml...
(Processing definitions /usr/local/texlive/2021/texmf-dist/tex/latex/refcount/refcount.sty...
(Loading /usr/local/Cellar/latexml/0.8.7/libexec/lib/perl5/LaTeXML/Package/infwarerr.sty.ltxml...
(Processing definitions /usr/local/texlive/2021/texmf-dist/tex/generic/infwarerr/infwarerr.sty... 0.06 sec) 0.06 sec) 0.14 sec) 0.14 sec)
(Loading /usr/local/Cellar/latexml/0.8.7/libexec/lib/perl5/LaTeXML/Package/gettitlestring.sty.ltxml...
(Processing definitions /usr/local/texlive/2021/texmf-dist/tex/generic/gettitlestring/gettitlestring.sty... 0.46 sec) 0.46 sec) 0.61 sec)
(Loading /usr/local/Cellar/latexml/0.8.7/libexec/lib/perl5/LaTeXML/Package/url.sty.ltxml... 0.00 sec)
(Loading /usr/local/Cellar/latexml/0.8.7/libexec/lib/perl5/LaTeXML/Package/bitset.sty.ltxml...
(Processing definitions /usr/local/texlive/2021/texmf-dist/tex/generic/bitset/bitset.sty...
(Loading /usr/local/Cellar/latexml/0.8.7/libexec/lib/perl5/LaTeXML/Package/intcalc.sty.ltxml...
(Processing definitions /usr/local/texlive/2021/texmf-dist/tex/generic/intcalc/intcalc.sty... 0.07 sec) 0.07 sec)
(Loading /usr/local/Cellar/latexml/0.8.7/libexec/lib/perl5/LaTeXML/Package/bigintcalc.sty.ltxml...
(Processing definitions /usr/local/texlive/2021/texmf-dist/tex/generic/bigintcalc/bigintcalc.sty...
(Loading /usr/local/Cellar/latexml/0.8.7/libexec/lib/perl5/LaTeXML/Package/pdftexcmds.sty.ltxml...
(Loading /usr/local/Cellar/latexml/0.8.7/libexec/lib/perl5/LaTeXML/Package/iftex.sty.ltxml... 0.00 sec) 0.01 sec) 0.21 sec) 0.21 sec) 0.51 sec) 0.51 sec) 1.63 sec)
latexmlpost (LaTeXML version 0.8.7)
invoked as [/usr/local/Cellar/latexml/0.8.7/libexec/bin/latexmlpost ]
recursive processing started Fri Aug  4 19:10:54 2023
(Digesting BibTeX surprise...
(Processing content /Users/jessemurray/Desktop/Admin-Life/Career/Website/website-gr/surprise/surprise.bib... 0.00 sec)
(Preparsing Bibliography surprise... 0.00 sec)
(Processing content Literal String... 0.21 sec) 0.21 sec)
(Building...
(Loading compiled schema /usr/local/Cellar/latexml/0.8.7/libexec/lib/perl5/LaTeXML/resources/RelaxNG/LaTeXML.model... 0.01 sec) 0.14 sec)
(Rewriting... 0.00 sec)
(Finalizing... 0.01 sec)
recursive Conversion complete: No obvious problems
Status:conversion:0
 3.94 sec)
MakeBibliography: using bibliographies surprise]
MakeBibliography: 5 bibentries, 5 cited
Scan: DBStatus: 222/0 objects
 4.03 sec)
(CrossRef output.html processing... 0.03 sec)
(Graphics output.html processing... 0.07 sec)
(MathML::Presentation output.html 113 to process...
converted 113 Maths
 0.26 sec)
(XSLT[using LaTeXML-html5.xsl] output.html processing... 0.05 sec)
(Writer output.html processing... 0.00 sec) 4.48 sec)
Postprocessing complete No obvious problems (reqd. 4.87s)
